[22Mar2025 00:00:19.481] [Server thread/INFO] [net.minecraft.server.MinecraftServer/]: [Not Secure] <PlagaXNZ> Vamos?
[22Mar2025 00:01:32.986] [Server thread/INFO] [net.minecraft.server.MinecraftServer/]: [Not Secure] <Jukusting> listo gil
[22Mar2025 00:02:17.851] [Server thread/INFO] [net.minecraft.server.MinecraftServer/]: [PlagaXNZ: Teleported Jukusting to PlagaXNZ]
[22Mar2025 00:02:57.246] [Server thread/INFO] [net.minecraft.server.MinecraftServer/]: [Not Secure] <PlagaXNZ> si ves una cueva avisame o cavamos directamente para abajo
[22Mar2025 00:03:23.142] [Server thread/INFO] [net.minecraft.server.MinecraftServer/]: [Not Secure] <Jukusting> cavamos hacia abajo pa ma vale q si o no pa??
[22Mar2025 00:04:56.434] [Server thread/INFO] [net.minecraft.server.MinecraftServer/]: [PlagaXNZ: Teleported Jukusting to PlagaXNZ]
[22Mar2025 00:07:21.134] [Server thread/INFO] [net.minecraft.server.MinecraftServer/]: Jukusting has completed the challenge [Just a Flesh Wound]
[22Mar2025 00:08:00.484] [Server thread/INFO] [net.minecraft.server.MinecraftServer/]: PlagaXNZ has reached the goal [Postmortal]
[22Mar2025 00:08:27.693] [Server thread/INFO] [net.minecraft.server.MinecraftServer/]: [Not Secure] <PlagaXNZ> hdp siempre te quedas con las cosas de jefes
[22Mar2025 00:08:30.937] [Server thread/INFO] [net.minecraft.server.MinecraftServer/]: [Not Secure] <Jukusting> eh bueno ya esta gilo
[22Mar2025 00:08:33.631] [Server thread/INFO] [net.minecraft.server.MinecraftServer/]: [Not Secure] <PlagaXNZ> este y el de hielo
[22Mar2025 00:08:41.841] [Server thread/INFO] [net.minecraft.server.MinecraftServer/]: [Not Secure] <Jukusting> te doy el de hielo
[22Mar2025 00:08:46.188] [Server thread/INFO] [net.minecraft.server.MinecraftServer/]: [Not Secure] <PlagaXNZ> no
[22Mar2025 00:08:51.989] [Server thread/INFO] [net.minecraft.server.MinecraftServer/]: [Not Secure] <PlagaXNZ> dame este
[22Mar2025 00:09:06.062] [Server thread/INFO] [net.minecraft.server.MinecraftServer/]: [Not Secure] <Jukusting> la puta q te pario
[22Mar2025 00:09:16.433] [Server thread/INFO] [net.minecraft.server.MinecraftServer/]: [Not Secure] <PlagaXNZ> dale gil no seas culiao
[22Mar2025 00:09:16.561] [Server thread/INFO] [net.minecraft.server.MinecraftServer/]: [Not Secure] <Jukusting> dejame come culiao
[22Mar2025 00:09:42.954] [Server thread/INFO] [net.minecraft.server.MinecraftServer/]: [Not Secure] <Jukusting> queres tambien el casco??
[22Mar2025 00:09:51.595] [Server thread/INFO] [net.minecraft.server.MinecraftServer/]: [Not Secure] <PlagaXNZ> quedatelo si te gusta
[22Mar2025 00:10:15.157] [Server thread/INFO] [net.minecraft.server.MinecraftServer/]: [Not Secure] <Jukusting> disculpa gil
[22Mar2025 00:10:18.382] [Server thread/INFO] [net.minecraft.server.MinecraftServer/]: [Not Secure] <PlagaXNZ> ta god gil
[22Mar2025 00:10:21.194] [Server thread/INFO] [net.minecraft.server.MinecraftServer/]: [Not Secure] <PlagaXNZ> xd
[22Mar2025 00:10:25.093] [Server thread/INFO] [net.minecraft.server.MinecraftServer/]: [Not Secure] <Jukusting> XD
[22Mar2025 00:11:06.745] [Server thread/INFO] [net.minecraft.server.MinecraftServer/]: [Not Secure] <PlagaXNZ> cuantos jefes quedan?
[22Mar2025 00:11:15.705] [Server thread/INFO] [net.minecraft.server.MinecraftServer/]: [Not Secure] <Jukusting> el de la savana
[22Mar2025 00:11:20.389] [Server thread/INFO] [net.minecraft.server.MinecraftServer/]: [Not Secure] <Jukusting> y nose cual
[22Mar2025 00:13:32.981] [Server thread/INFO] [net.minecraft.server.MinecraftServer/]: [Not Secure] <PlagaXNZ> bueno ahora si a minar
[22Mar2025 00:13:36.740] [Server thread/INFO] [net.minecraft.server.MinecraftServer/]: [Not Secure] <PlagaXNZ> por lo menos yo
[22Mar2025 00:13:39.654] [Server thread/INFO] [net.minecraft.server.MinecraftServer/]: [Not Secure] <Jukusting> :(
[22Mar2025 00:13:58.793] [Server thread/INFO] [net.minecraft.server.MinecraftServer/]: [Not Secure] <Jukusting> tambien quedan los jefes de plata y oro
[22Mar2025 00:14:26.725] [Server thread/INFO] [net.minecraft.server.MinecraftServer/]: [Not Secure] <PlagaXNZ> nose cuales son
[22Mar2025 00:14:33.180] [Server thread/INFO] [net.minecraft.server.MinecraftServer/]: [Not Secure] <Jukusting> son del aether
[22Mar2025 00:14:35.765] [Server thread/INFO] [net.minecraft.server.MinecraftServer/]: [Not Secure] <PlagaXNZ> y el inca
[22Mar2025 00:14:54.285] [Server thread/INFO] [net.minecraft.server.MinecraftServer/]: [Not Secure] <Jukusting> y el buhonero
[22Mar2025 00:15:07.260] [Server thread/INFO] [net.minecraft.server.MinecraftServer/]: [Not Secure] <PlagaXNZ> ese no se cual es
[22Mar2025 00:15:28.235] [Server thread/INFO] [net.minecraft.server.MinecraftServer/]: [Not Secure] <Jukusting> creo q es el mas dificil
[22Mar2025 00:20:08.720] [Server thread/WARN] [net.minecraft.server.MinecraftServer/]: Can't keep up! Is the server overloaded? Running 2004ms or 40 ticks behind
[22Mar2025 00:20:28.946] [Server thread/WARN] [net.minecraft.server.MinecraftServer/]: Can't keep up! Is the server overloaded? Running 5230ms or 104 ticks behind
[22Mar2025 00:20:49.757] [Server thread/WARN] [net.minecraft.server.MinecraftServer/]: Can't keep up! Is the server overloaded? Running 5841ms or 116 ticks behind
[22Mar2025 00:21:34.183] [Server thread/WARN] [net.minecraft.server.MinecraftServer/]: Can't keep up! Is the server overloaded? Running 2017ms or 40 ticks behind
[22Mar2025 00:21:57.933] [Server thread/WARN] [net.minecraft.server.MinecraftServer/]: Can't keep up! Is the server overloaded? Running 8767ms or 175 ticks behind
[22Mar2025 00:22:23.336] [Server thread/WARN] [net.minecraft.server.MinecraftServer/]: Can't keep up! Is the server overloaded? Running 10419ms or 208 ticks behind
[22Mar2025 00:22:48.716] [Server thread/WARN] [net.minecraft.server.MinecraftServer/]: Can't keep up! Is the server overloaded? Running 10400ms or 208 ticks behind
[22Mar2025 00:23:07.019] [Server thread/WARN] [net.minecraft.server.MinecraftServer/]: Can't keep up! Is the server overloaded? Running 3303ms or 66 ticks behind
[22Mar2025 00:23:52.029] [Server thread/WARN] [net.minecraft.server.MinecraftServer/]: Can't keep up! Is the server overloaded? Running 2012ms or 40 ticks behind
[22Mar2025 00:24:10.862] [Server thread/WARN] [net.minecraft.server.MinecraftServer/]: Can't keep up! Is the server overloaded? Running 2046ms or 40 ticks behind
[22Mar2025 00:24:30.845] [Server thread/WARN] [net.minecraft.server.MinecraftServer/]: Can't keep up! Is the server overloaded? Running 5029ms or 100 ticks behind
[22Mar2025 00:31:29.872] [Server thread/WARN] [net.minecraft.server.MinecraftServer/]: Can't keep up! Is the server overloaded? Running 2006ms or 40 ticks behind
[22Mar2025 00:31:53.586] [Server thread/WARN] [net.minecraft.server.MinecraftServer/]: Can't keep up! Is the server overloaded? Running 8719ms or 174 ticks behind
[22Mar2025 00:32:24.225] [Server thread/WARN] [net.minecraft.server.MinecraftServer/]: Can't keep up! Is the server overloaded? Running 15658ms or 313 ticks behind
[22Mar2025 00:32:51.385] [Server thread/WARN] [net.minecraft.server.MinecraftServer/]: Can't keep up! Is the server overloaded? Running 12169ms or 243 ticks behind
[22Mar2025 00:33:17.840] [Server thread/WARN] [net.minecraft.server.MinecraftServer/]: Can't keep up! Is the server overloaded? Running 11474ms or 229 ticks behind
[22Mar2025 00:33:42.499] [Server thread/WARN] [net.minecraft.server.MinecraftServer/]: Can't keep up! Is the server overloaded? Running 9682ms or 193 ticks behind
[22Mar2025 00:34:03.549] [Server thread/WARN] [net.minecraft.server.MinecraftServer/]: Can't keep up! Is the server overloaded? Running 6083ms or 121 ticks behind
[22Mar2025 00:34:21.196] [Server thread/WARN] [net.minecraft.server.MinecraftServer/]: Can't keep up! Is the server overloaded? Running 2679ms or 53 ticks behind
[22Mar2025 00:34:56.618] [Server thread/WARN] [net.minecraft.server.MinecraftServer/]: Can't keep up! Is the server overloaded? Running 2001ms or 40 ticks behind
[22Mar2025 00:35:39.494] [Server thread/INFO] [net.minecraft.server.MinecraftServer/]: [Not Secure] <Jukusting> e gil
[22Mar2025 00:35:54.898] [Server thread/INFO] [net.minecraft.server.MinecraftServer/]: [Not Secure] <PlagaXNZ> queu
[22Mar2025 00:35:57.666] [Server thread/INFO] [net.minecraft.server.MinecraftServer/]: [Not Secure] <Jukusting> yo tengo pensado ir hacia el dragon del end
[22Mar2025 00:36:43.910] [Server thread/INFO] [net.minecraft.server.MinecraftServer/]: [Not Secure] <PlagaXNZ> ya?
[22Mar2025 00:37:10.420] [Server thread/WARN] [net.minecraft.server.MinecraftServer/]: Can't keep up! Is the server overloaded? Running 2003ms or 40 ticks behind
[22Mar2025 00:37:28.022] [Server thread/WARN] [net.minecraft.server.MinecraftServer/]: Can't keep up! Is the server overloaded? Running 2006ms or 40 ticks behind
[22Mar2025 00:37:50.157] [Server thread/WARN] [net.minecraft.server.MinecraftServer/]: Can't keep up! Is the server overloaded? Running 7141ms or 142 ticks behind
[22Mar2025 00:38:11.083] [Server thread/WARN] [net.minecraft.server.MinecraftServer/]: Can't keep up! Is the server overloaded? Running 5967ms or 119 ticks behind
[22Mar2025 00:38:49.487] [Server thread/WARN] [net.minecraft.server.MinecraftServer/]: Can't keep up! Is the server overloaded? Running 2020ms or 40 ticks behind
[22Mar2025 00:39:09.970] [Server thread/WARN] [net.minecraft.server.MinecraftServer/]: Can't keep up! Is the server overloaded? Running 5504ms or 110 ticks behind
[22Mar2025 00:39:22.032] [Server thread/WARN] [net.minecraft.server.level.ServerLevel/]: Tried to add entity shy_guy:shy_guy but it was marked as removed already
[22Mar2025 00:39:25.130] [Server thread/WARN] [net.minecraft.server.level.ServerLevel/]: Tried to add entity shy_guy:shy_guy but it was marked as removed already
[22Mar2025 00:39:25.396] [Server thread/WARN] [net.minecraft.server.level.ServerLevel/]: Tried to add entity shy_guy:shy_guy but it was marked as removed already
[22Mar2025 00:39:25.839] [Server thread/WARN] [net.minecraft.server.level.ServerLevel/]: Tried to add entity shy_guy:shy_guy but it was marked as removed already
[22Mar2025 00:39:26.289] [Worker-Main-25/WARN] [ModernFix/]: Skipped emitting ENTITY_MOUNT game event for entity Strider['Strider'/30224, l='ServerLevel[world]', x=-91.00, y=31.00, z=123.00] as it would cause deadlock
[22Mar2025 00:39:29.928] [Server thread/WARN] [net.minecraft.server.MinecraftServer/]: Can't keep up! Is the server overloaded? Running 4962ms or 99 ticks behind
[22Mar2025 00:40:12.985] [Server thread/WARN] [net.minecraft.server.level.ServerLevel/]: Tried to add entity shy_guy:shy_guy but it was marked as removed already
[22Mar2025 00:40:15.639] [Server thread/WARN] [net.minecraft.server.level.ServerLevel/]: Tried to add entity shy_guy:shy_guy but it was marked as removed already
[22Mar2025 00:40:20.442] [Server thread/WARN] [net.minecraft.server.level.ServerLevel/]: Tried to add entity shy_guy:shy_guy but it was marked as removed already
[22Mar2025 00:40:22.985] [Server thread/WARN] [net.minecraft.server.level.ServerLevel/]: Tried to add entity shy_guy:shy_guy but it was marked as removed already
[22Mar2025 00:40:30.589] [Server thread/WARN] [net.minecraft.server.level.ServerLevel/]: Tried to add entity shy_guy:shy_guy but it was marked as removed already
[22Mar2025 00:40:31.583] [Server thread/WARN] [net.minecraft.server.level.ServerLevel/]: Tried to add entity shy_guy:shy_guy but it was marked as removed already
[22Mar2025 00:41:06.930] [Server thread/WARN] [net.minecraft.server.level.ServerLevel/]: Tried to add entity shy_guy:shy_guy but it was marked as removed already
[22Mar2025 00:41:06.930] [Server thread/WARN] [net.minecraft.server.level.ServerLevel/]: Tried to add entity shy_guy:shy_guy but it was marked as removed already
[22Mar2025 00:41:15.637] [Server thread/WARN] [net.minecraft.server.level.ServerLevel/]: Tried to add entity shy_guy:shy_guy but it was marked as removed already
[22Mar2025 00:41:16.529] [Server thread/WARN] [net.minecraft.server.level.ServerLevel/]: Tried to add entity shy_guy:shy_guy but it was marked as removed already
[22Mar2025 00:41:17.143] [Worker-Main-25/WARN] [ModernFix/]: Skipped emitting ENTITY_MOUNT game event for entity Strider['Strider'/31032, l='ServerLevel[world]', x=-168.00, y=31.00, z=-121.00] as it would cause deadlock
[22Mar2025 00:41:36.737] [Server thread/WARN] [net.minecraft.server.level.ServerLevel/]: Tried to add entity shy_guy:shy_guy but it was marked as removed already
[22Mar2025 00:41:48.088] [Server thread/WARN] [net.minecraft.server.level.ServerLevel/]: Tried to add entity shy_guy:shy_guy but it was marked as removed already
[22Mar2025 00:41:48.139] [Server thread/WARN] [net.minecraft.server.level.ServerLevel/]: Tried to add entity shy_guy:shy_guy but it was marked as removed already
[22Mar2025 00:41:51.302] [Server thread/WARN] [net.minecraft.server.level.ServerLevel/]: Tried to add entity shy_guy:shy_guy but it was marked as removed already
[22Mar2025 00:41:51.450] [Server thread/WARN] [net.minecraft.server.level.ServerLevel/]: Tried to add entity shy_guy:shy_guy but it was marked as removed already
[22Mar2025 00:41:51.489] [Server thread/WARN] [net.minecraft.server.level.ServerLevel/]: Tried to add entity shy_guy:shy_guy but it was marked as removed already
[22Mar2025 00:41:59.683] [Server thread/WARN] [net.minecraft.server.level.ServerLevel/]: Tried to add entity shy_guy:shy_guy but it was marked as removed already
[22Mar2025 00:42:06.285] [Server thread/WARN] [net.minecraft.server.level.ServerLevel/]: Tried to add entity shy_guy:shy_guy but it was marked as removed already
[22Mar2025 00:42:06.334] [Server thread/WARN] [net.minecraft.server.level.ServerLevel/]: Tried to add entity shy_guy:shy_guy but it was marked as removed already
[22Mar2025 00:42:22.351] [Server thread/WARN] [net.minecraft.server.level.ServerLevel/]: Tried to add entity shy_guy:shy_guy but it was marked as removed already
[22Mar2025 00:42:25.737] [Server thread/WARN] [net.minecraft.server.level.ServerLevel/]: Tried to add entity shy_guy:shy_guy but it was marked as removed already
[22Mar2025 00:42:25.841] [Server thread/WARN] [net.minecraft.server.level.ServerLevel/]: Tried to add entity shy_guy:shy_guy but it was marked as removed already
[22Mar2025 00:42:27.444] [Server thread/WARN] [net.minecraft.server.level.ServerLevel/]: Tried to add entity shy_guy:shy_guy but it was marked as removed already
[22Mar2025 00:42:31.936] [Server thread/WARN] [net.minecraft.server.level.ServerLevel/]: Tried to add entity shy_guy:shy_guy but it was marked as removed already
[22Mar2025 00:42:33.493] [Server thread/WARN] [net.minecraft.server.level.ServerLevel/]: Tried to add entity shy_guy:shy_guy but it was marked as removed already
[22Mar2025 00:42:57.583] [Server thread/WARN] [net.minecraft.server.level.ServerLevel/]: Tried to add entity shy_guy:shy_guy but it was marked as removed already
[22Mar2025 00:43:13.907] [Server thread/WARN] [net.minecraft.server.level.ServerLevel/]: Tried to add entity shy_guy:shy_guy but it was marked as removed already
[22Mar2025 00:43:21.431] [Server thread/WARN] [net.minecraft.server.level.ServerLevel/]: Tried to add entity shy_guy:shy_guy but it was marked as removed already
[22Mar2025 00:43:35.435] [Server thread/WARN] [net.minecraft.server.level.ServerLevel/]: Tried to add entity shy_guy:shy_guy but it was marked as removed already
[22Mar2025 00:43:45.135] [Server thread/WARN] [net.minecraft.server.level.ServerLevel/]: Tried to add entity shy_guy:shy_guy but it was marked as removed already
[22Mar2025 00:43:45.193] [Server thread/WARN] [net.minecraft.server.level.ServerLevel/]: Tried to add entity shy_guy:shy_guy but it was marked as removed already
[22Mar2025 00:43:45.430] [Server thread/WARN] [net.minecraft.server.level.ServerLevel/]: Tried to add entity shy_guy:shy_guy but it was marked as removed already
[22Mar2025 00:43:45.430] [Server thread/WARN] [net.minecraft.server.level.ServerLevel/]: Tried to add entity shy_guy:shy_guy but it was marked as removed already
[22Mar2025 00:43:47.556] [Server thread/WARN] [net.minecraft.server.level.ServerLevel/]: Tried to add entity shy_guy:shy_guy but it was marked as removed already
[22Mar2025 00:44:20.428] [Server thread/WARN] [net.minecraft.server.level.ServerLevel/]: Tried to add entity shy_guy:shy_guy but it was marked as removed already
[22Mar2025 00:44:20.779] [Server thread/WARN] [net.minecraft.server.level.ServerLevel/]: Tried to add entity shy_guy:shy_guy but it was marked as removed already
[22Mar2025 00:44:20.980] [Server thread/WARN] [net.minecraft.server.level.ServerLevel/]: Tried to add entity shy_guy:shy_guy but it was marked as removed already
[22Mar2025 00:44:27.633] [Server thread/WARN] [net.minecraft.server.level.ServerLevel/]: Tried to add entity shy_guy:shy_guy but it was marked as removed already
[22Mar2025 00:44:35.039] [Server thread/WARN] [net.minecraft.server.level.ServerLevel/]: Tried to add entity shy_guy:shy_guy but it was marked as removed already
[22Mar2025 00:44:48.326] [Server thread/WARN] [net.minecraft.server.level.ServerLevel/]: Tried to add entity shy_guy:shy_guy but it was marked as removed already
[22Mar2025 00:44:48.327] [Server thread/WARN] [net.minecraft.server.level.ServerLevel/]: Tried to add entity shy_guy:shy_guy but it was marked as removed already
[22Mar2025 00:44:59.033] [Server thread/WARN] [net.minecraft.server.level.ServerLevel/]: Tried to add entity shy_guy:shy_guy but it was marked as removed already
[22Mar2025 00:45:04.478] [Server thread/WARN] [net.minecraft.server.level.ServerLevel/]: Tried to add entity shy_guy:shy_guy but it was marked as removed already
[22Mar2025 00:45:07.534] [Server thread/WARN] [net.minecraft.server.level.ServerLevel/]: Tried to add entity shy_guy:shy_guy but it was marked as removed already
[22Mar2025 00:45:07.578] [Server thread/WARN] [net.minecraft.server.level.ServerLevel/]: Tried to add entity shy_guy:shy_guy but it was marked as removed already
[22Mar2025 00:45:07.630] [Server thread/WARN] [net.minecraft.server.level.ServerLevel/]: Tried to add entity shy_guy:shy_guy but it was marked as removed already
[22Mar2025 00:45:09.737] [Server thread/WARN] [net.minecraft.server.level.ServerLevel/]: Tried to add entity shy_guy:shy_guy but it was marked as removed already
[22Mar2025 00:45:22.720] [Server thread/WARN] [net.minecraft.server.level.ServerLevel/]: Tried to add entity shy_guy:shy_guy but it was marked as removed already
[22Mar2025 00:45:22.807] [Server thread/WARN] [net.minecraft.server.level.ServerLevel/]: Tried to add entity shy_guy:shy_guy but it was marked as removed already
[22Mar2025 00:45:27.493] [Server thread/WARN] [net.minecraft.server.level.ServerLevel/]: Tried to add entity shy_guy:shy_guy but it was marked as removed already
[22Mar2025 00:45:31.032] [Server thread/WARN] [net.minecraft.server.level.ServerLevel/]: Tried to add entity shy_guy:shy_guy but it was marked as removed already
[22Mar2025 00:45:31.089] [Server thread/WARN] [net.minecraft.server.level.ServerLevel/]: Tried to add entity shy_guy:shy_guy but it was marked as removed already
[22Mar2025 00:45:35.128] [Server thread/WARN] [net.minecraft.server.level.ServerLevel/]: Tried to add entity shy_guy:shy_guy but it was marked as removed already
[22Mar2025 00:45:35.180] [Server thread/WARN] [net.minecraft.server.level.ServerLevel/]: Tried to add entity shy_guy:shy_guy but it was marked as removed already
[22Mar2025 00:45:35.233] [Server thread/WARN] [net.minecraft.server.level.ServerLevel/]: Tried to add entity shy_guy:shy_guy but it was marked as removed already
[22Mar2025 00:45:35.279] [Server thread/WARN] [net.minecraft.server.level.ServerLevel/]: Tried to add entity shy_guy:shy_guy but it was marked as removed already
[22Mar2025 00:45:36.900] [Server thread/WARN] [net.minecraft.server.level.ServerLevel/]: Tried to add entity shy_guy:shy_guy but it was marked as removed already
[22Mar2025 00:45:40.939] [Server thread/WARN] [net.minecraft.server.level.ServerLevel/]: Tried to add entity shy_guy:shy_guy but it was marked as removed already
[22Mar2025 00:45:42.578] [Server thread/WARN] [net.minecraft.server.level.ServerLevel/]: Tried to add entity shy_guy:shy_guy but it was marked as removed already
[22Mar2025 00:45:50.579] [Server thread/WARN] [net.minecraft.server.level.ServerLevel/]: Tried to add entity shy_guy:shy_guy but it was marked as removed already
[22Mar2025 00:45:55.533] [Server thread/WARN] [net.minecraft.server.level.ServerLevel/]: Tried to add entity shy_guy:shy_guy but it was marked as removed already
[22Mar2025 00:45:56.484] [Server thread/WARN] [net.minecraft.server.level.ServerLevel/]: Tried to add entity shy_guy:shy_guy but it was marked as removed already
[22Mar2025 00:46:13.337] [Server thread/WARN] [net.minecraft.server.level.ServerLevel/]: Tried to add entity shy_guy:shy_guy but it was marked as removed already
[22Mar2025 00:46:29.886] [Server thread/WARN] [net.minecraft.server.level.ServerLevel/]: Tried to add entity shy_guy:shy_guy but it was marked as removed already
[22Mar2025 00:46:30.160] [Server thread/WARN] [net.minecraft.server.level.ServerLevel/]: Tried to add entity shy_guy:shy_guy but it was marked as removed already
[22Mar2025 00:46:30.205] [Server thread/WARN] [net.minecraft.server.level.ServerLevel/]: Tried to add entity shy_guy:shy_guy but it was marked as removed already
[22Mar2025 00:46:30.364] [Server thread/WARN] [net.minecraft.server.level.ServerLevel/]: Tried to add entity shy_guy:shy_guy but it was marked as removed already
[22Mar2025 00:46:30.401] [Server thread/WARN] [net.minecraft.server.level.ServerLevel/]: Tried to add entity shy_guy:shy_guy but it was marked as removed already
[22Mar2025 00:46:33.683] [Server thread/WARN] [net.minecraft.server.level.ServerLevel/]: Tried to add entity shy_guy:shy_guy but it was marked as removed already
[22Mar2025 00:46:34.540] [Server thread/WARN] [net.minecraft.server.level.ServerLevel/]: Tried to add entity shy_guy:shy_guy but it was marked as removed already
[22Mar2025 00:46:34.583] [Server thread/WARN] [net.minecraft.server.level.ServerLevel/]: Tried to add entity shy_guy:shy_guy but it was marked as removed already
[22Mar2025 00:46:35.037] [Server thread/WARN] [net.minecraft.server.level.ServerLevel/]: Tried to add entity shy_guy:shy_guy but it was marked as removed already
[22Mar2025 00:46:35.084] [Server thread/WARN] [net.minecraft.server.level.ServerLevel/]: Tried to add entity shy_guy:shy_guy but it was marked as removed already
[22Mar2025 00:46:35.340] [Server thread/WARN] [net.minecraft.server.level.ServerLevel/]: Tried to add entity shy_guy:shy_guy but it was marked as removed already
[22Mar2025 00:46:40.637] [Server thread/WARN] [net.minecraft.server.level.ServerLevel/]: Tried to add entity shy_guy:shy_guy but it was marked as removed already
[22Mar2025 00:46:56.337] [Server thread/WARN] [net.minecraft.server.level.ServerLevel/]: Tried to add entity shy_guy:shy_guy but it was marked as removed already
[22Mar2025 00:47:02.427] [Server thread/WARN] [net.minecraft.server.level.ServerLevel/]: Tried to add entity shy_guy:shy_guy but it was marked as removed already
[22Mar2025 00:47:02.455] [Server thread/WARN] [net.minecraft.server.level.ServerLevel/]: Tried to add entity shy_guy:shy_guy but it was marked as removed already
[22Mar2025 00:47:04.534] [Server thread/WARN] [net.minecraft.server.level.ServerLevel/]: Tried to add entity shy_guy:shy_guy but it was marked as removed already
[22Mar2025 00:47:14.991] [Server thread/WARN] [net.minecraft.server.level.ServerLevel/]: Tried to add entity shy_guy:shy_guy but it was marked as removed already
[22Mar2025 00:47:21.046] [Server thread/WARN] [net.minecraft.server.level.ServerLevel/]: Tried to add entity shy_guy:shy_guy but it was marked as removed already
[22Mar2025 00:47:21.992] [Server thread/WARN] [net.minecraft.server.level.ServerLevel/]: Tried to add entity shy_guy:shy_guy but it was marked as removed already
[22Mar2025 00:47:22.059] [Server thread/WARN] [net.minecraft.server.level.ServerLevel/]: Tried to add entity shy_guy:shy_guy but it was marked as removed already
[22Mar2025 00:47:24.181] [Server thread/WARN] [net.minecraft.server.level.ServerLevel/]: Tried to add entity shy_guy:shy_guy but it was marked as removed already
[22Mar2025 00:47:24.637] [Server thread/WARN] [net.minecraft.server.level.ServerLevel/]: Tried to add entity shy_guy:shy_guy but it was marked as removed already
[22Mar2025 00:47:25.889] [Server thread/WARN] [net.minecraft.server.level.ServerLevel/]: Tried to add entity shy_guy:shy_guy but it was marked as removed already
[22Mar2025 00:47:38.182] [Server thread/WARN] [net.minecraft.server.level.ServerLevel/]: Tried to add entity shy_guy:shy_guy but it was marked as removed already
[22Mar2025 00:47:38.238] [Server thread/WARN] [net.minecraft.server.level.ServerLevel/]: Tried to add entity shy_guy:shy_guy but it was marked as removed already
[22Mar2025 00:48:04.216] [Server thread/WARN] [net.minecraft.server.level.ServerLevel/]: Tried to add entity shy_guy:shy_guy but it was marked as removed already
[22Mar2025 00:48:16.327] [Server thread/WARN] [net.minecraft.server.level.ServerLevel/]: Tried to add entity shy_guy:shy_guy but it was marked as removed already
[22Mar2025 00:48:17.028] [Server thread/WARN] [net.minecraft.server.level.ServerLevel/]: Tried to add entity shy_guy:shy_guy but it was marked as removed already
[22Mar2025 00:48:17.078] [Server thread/WARN] [net.minecraft.server.level.ServerLevel/]: Tried to add entity shy_guy:shy_guy but it was marked as removed already
[22Mar2025 00:48:18.978] [Server thread/WARN] [net.minecraft.server.level.ServerLevel/]: Tried to add entity shy_guy:shy_guy but it was marked as removed already
[22Mar2025 00:48:23.280] [Server thread/WARN] [net.minecraft.server.level.ServerLevel/]: Tried to add entity shy_guy:shy_guy but it was marked as removed already
[22Mar2025 00:48:23.829] [Server thread/WARN] [net.minecraft.server.level.ServerLevel/]: Tried to add entity shy_guy:shy_guy but it was marked as removed already
[22Mar2025 00:48:24.827] [Server thread/WARN] [net.minecraft.server.level.ServerLevel/]: Tried to add entity shy_guy:shy_guy but it was marked as removed already
[22Mar2025 00:48:25.683] [Server thread/WARN] [net.minecraft.server.level.ServerLevel/]: Tried to add entity shy_guy:shy_guy but it was marked as removed already
[22Mar2025 00:48:26.877] [Server thread/WARN] [net.minecraft.server.level.ServerLevel/]: Tried to add entity shy_guy:shy_guy but it was marked as removed already
[22Mar2025 00:48:33.839] [Server thread/WARN] [net.minecraft.server.level.ServerLevel/]: Tried to add entity shy_guy:shy_guy but it was marked as removed already
[22Mar2025 00:48:36.985] [Server thread/WARN] [net.minecraft.server.level.ServerLevel/]: Tried to add entity shy_guy:shy_guy but it was marked as removed already
[22Mar2025 00:48:37.688] [Server thread/WARN] [net.minecraft.server.level.ServerLevel/]: Tried to add entity shy_guy:shy_guy but it was marked as removed already
[22Mar2025 00:48:41.280] [Server thread/WARN] [net.minecraft.server.level.ServerLevel/]: Tried to add entity shy_guy:shy_guy but it was marked as removed already
[22Mar2025 00:48:41.334] [Server thread/WARN] [net.minecraft.server.level.ServerLevel/]: Tried to add entity shy_guy:shy_guy but it was marked as removed already
[22Mar2025 00:48:50.500] [Server thread/INFO] [net.minecraft.server.MinecraftServer/]: [Not Secure] <Jukusting> e gil
[22Mar2025 00:49:03.057] [Server thread/INFO] [net.minecraft.server.MinecraftServer/]: [Not Secure] <Jukusting> vos tenes la semilla de este mundo??
[22Mar2025 00:49:14.030] [Worker-Main-8/WARN] [ModernFix/]: Skipped emitting ENTITY_MOUNT game event for entity Strider['Strider'/33635, l='ServerLevel[world]', x=327.00, y=31.00, z=-169.00] as it would cause deadlock
[22Mar2025 00:49:14.918] [Server thread/WARN] [net.minecraft.server.level.ServerLevel/]: Tried to add entity shy_guy:shy_guy but it was marked as removed already
[22Mar2025 00:49:15.212] [Server thread/WARN] [net.minecraft.server.level.ServerLevel/]: Tried to add entity shy_guy:shy_guy but it was marked as removed already
[22Mar2025 00:49:15.536] [Server thread/WARN] [net.minecraft.server.level.ServerLevel/]: Tried to add entity shy_guy:shy_guy but it was marked as removed already
[22Mar2025 00:49:20.559] [Server thread/WARN] [net.minecraft.server.level.ServerLevel/]: Tried to add entity shy_guy:shy_guy but it was marked as removed already
[22Mar2025 00:49:20.560] [Server thread/WARN] [net.minecraft.server.level.ServerLevel/]: Tried to add entity shy_guy:shy_guy but it was marked as removed already
[22Mar2025 00:49:21.890] [Server thread/WARN] [net.minecraft.server.level.ServerLevel/]: Tried to add entity shy_guy:shy_guy but it was marked as removed already
[22Mar2025 00:49:25.223] [Server thread/WARN] [net.minecraft.server.level.ServerLevel/]: Tried to add entity shy_guy:shy_guy but it was marked as removed already
[22Mar2025 00:49:25.486] [Server thread/WARN] [net.minecraft.server.level.ServerLevel/]: Tried to add entity shy_guy:shy_guy but it was marked as removed already
[22Mar2025 00:49:25.643] [Server thread/WARN] [net.minecraft.server.level.ServerLevel/]: Tried to add entity shy_guy:shy_guy but it was marked as removed already
[22Mar2025 00:49:25.688] [Server thread/WARN] [net.minecraft.server.level.ServerLevel/]: Tried to add entity shy_guy:shy_guy but it was marked as removed already
[22Mar2025 00:49:25.890] [Server thread/WARN] [net.minecraft.server.level.ServerLevel/]: Tried to add entity shy_guy:shy_guy but it was marked as removed already
[22Mar2025 00:49:27.039] [Server thread/WARN] [net.minecraft.server.level.ServerLevel/]: Tried to add entity shy_guy:shy_guy but it was marked as removed already
[22Mar2025 00:49:29.553] [Server thread/INFO] [net.minecraft.server.MinecraftServer/]: [Not Secure] <PlagaXNZ> -8119221454635964921
[22Mar2025 00:49:42.943] [Server thread/WARN] [net.minecraft.server.level.ServerLevel/]: Tried to add entity shy_guy:shy_guy but it was marked as removed already
[22Mar2025 00:49:51.040] [Server thread/WARN] [net.minecraft.server.level.ServerLevel/]: Tried to add entity shy_guy:shy_guy but it was marked as removed already
[22Mar2025 00:49:59.395] [Server thread/WARN] [net.minecraft.server.level.ServerLevel/]: Tried to add entity shy_guy:shy_guy but it was marked as removed already
[22Mar2025 00:50:25.904] [Server thread/WARN] [net.minecraft.server.level.ServerLevel/]: Tried to add entity shy_guy:shy_guy but it was marked as removed already
[22Mar2025 00:50:26.251] [Server thread/WARN] [net.minecraft.server.level.ServerLevel/]: Tried to add entity shy_guy:shy_guy but it was marked as removed already
[22Mar2025 00:50:26.499] [Server thread/WARN] [net.minecraft.server.level.ServerLevel/]: Tried to add entity shy_guy:shy_guy but it was marked as removed already
[22Mar2025 00:50:26.606] [Server thread/WARN] [net.minecraft.server.level.ServerLevel/]: Tried to add entity shy_guy:shy_guy but it was marked as removed already
[22Mar2025 00:50:26.748] [Server thread/WARN] [net.minecraft.server.level.ServerLevel/]: Tried to add entity shy_guy:shy_guy but it was marked as removed already
[22Mar2025 00:50:26.749] [Server thread/WARN] [net.minecraft.server.level.ServerLevel/]: Tried to add entity shy_guy:shy_guy but it was marked as removed already
[22Mar2025 00:50:27.476] [Server thread/WARN] [net.minecraft.server.level.ServerLevel/]: Tried to add entity shy_guy:shy_guy but it was marked as removed already
[22Mar2025 00:50:29.334] [Server thread/WARN] [net.minecraft.server.level.ServerLevel/]: Tried to add entity shy_guy:shy_guy but it was marked as removed already
[22Mar2025 00:50:31.600] [Server thread/WARN] [net.minecraft.server.level.ServerLevel/]: Tried to add entity shy_guy:shy_guy but it was marked as removed already
[22Mar2025 00:50:38.194] [Server thread/WARN] [net.minecraft.server.level.ServerLevel/]: Tried to add entity shy_guy:shy_guy but it was marked as removed already
[22Mar2025 00:50:48.690] [Server thread/WARN] [net.minecraft.server.level.ServerLevel/]: Tried to add entity shy_guy:shy_guy but it was marked as removed already
[22Mar2025 00:51:01.438] [Server thread/WARN] [net.minecraft.server.level.ServerLevel/]: Tried to add entity shy_guy:shy_guy but it was marked as removed already
[22Mar2025 00:51:03.878] [Server thread/WARN] [net.minecraft.server.level.ServerLevel/]: Tried to add entity shy_guy:shy_guy but it was marked as removed already
[22Mar2025 00:51:04.277] [Server thread/WARN] [net.minecraft.server.level.ServerLevel/]: Tried to add entity shy_guy:shy_guy but it was marked as removed already
[22Mar2025 00:51:08.077] [Server thread/WARN] [net.minecraft.server.level.ServerLevel/]: Tried to add entity shy_guy:shy_guy but it was marked as removed already
[22Mar2025 00:51:08.182] [Server thread/WARN] [net.minecraft.server.level.ServerLevel/]: Tried to add entity shy_guy:shy_guy but it was marked as removed already
[22Mar2025 00:51:16.093] [Server thread/WARN] [net.minecraft.server.level.ServerLevel/]: Tried to add entity shy_guy:shy_guy but it was marked as removed already
[22Mar2025 00:51:26.784] [Server thread/WARN] [net.minecraft.server.level.ServerLevel/]: Tried to add entity shy_guy:shy_guy but it was marked as removed already
[22Mar2025 00:51:26.829] [Server thread/WARN] [net.minecraft.server.level.ServerLevel/]: Tried to add entity shy_guy:shy_guy but it was marked as removed already
[22Mar2025 00:51:30.680] [Server thread/WARN] [net.minecraft.server.level.ServerLevel/]: Tried to add entity shy_guy:shy_guy but it was marked as removed already
[22Mar2025 00:51:30.681] [Server thread/WARN] [net.minecraft.server.level.ServerLevel/]: Tried to add entity shy_guy:shy_guy but it was marked as removed already
[22Mar2025 00:51:31.082] [Server thread/WARN] [net.minecraft.server.level.ServerLevel/]: Tried to add entity shy_guy:shy_guy but it was marked as removed already
[22Mar2025 00:51:35.984] [Server thread/WARN] [net.minecraft.server.level.ServerLevel/]: Tried to add entity shy_guy:shy_guy but it was marked as removed already
[22Mar2025 00:51:36.389] [Server thread/WARN] [net.minecraft.server.level.ServerLevel/]: Tried to add entity shy_guy:shy_guy but it was marked as removed already
[22Mar2025 00:51:38.630] [Server thread/WARN] [net.minecraft.server.level.ServerLevel/]: Tried to add entity shy_guy:shy_guy but it was marked as removed already
[22Mar2025 00:51:39.085] [Server thread/WARN] [net.minecraft.server.level.ServerLevel/]: Tried to add entity shy_guy:shy_guy but it was marked as removed already
[22Mar2025 00:51:41.426] [Server thread/WARN] [net.minecraft.server.level.ServerLevel/]: Tried to add entity shy_guy:shy_guy but it was marked as removed already
[22Mar2025 00:51:41.486] [Server thread/WARN] [net.minecraft.server.level.ServerLevel/]: Tried to add entity shy_guy:shy_guy but it was marked as removed already
[22Mar2025 00:51:44.183] [Server thread/WARN] [net.minecraft.server.level.ServerLevel/]: Tried to add entity shy_guy:shy_guy but it was marked as removed already
[22Mar2025 00:51:47.879] [Server thread/WARN] [net.minecraft.server.level.ServerLevel/]: Tried to add entity shy_guy:shy_guy but it was marked as removed already
[22Mar2025 00:51:52.880] [Server thread/WARN] [net.minecraft.server.level.ServerLevel/]: Tried to add entity shy_guy:shy_guy but it was marked as removed already
[22Mar2025 00:52:02.025] [Server thread/WARN] [net.minecraft.server.level.ServerLevel/]: Tried to add entity shy_guy:shy_guy but it was marked as removed already
[22Mar2025 00:52:03.481] [Server thread/WARN] [net.minecraft.server.level.ServerLevel/]: Tried to add entity shy_guy:shy_guy but it was marked as removed already
[22Mar2025 00:52:03.782] [Server thread/WARN] [net.minecraft.server.level.ServerLevel/]: Tried to add entity shy_guy:shy_guy but it was marked as removed already
[22Mar2025 00:52:03.829] [Server thread/WARN] [net.minecraft.server.level.ServerLevel/]: Tried to add entity shy_guy:shy_guy but it was marked as removed already
[22Mar2025 00:52:20.252] [Server thread/INFO] [net.minecraft.server.MinecraftServer/]: [Not Secure] <Jukusting> gracias gil
